# JRE version: Java(TM) SE Runtime Environment (16.0.1+9) (build 16.0.1+9-24)
# Java VM: Java HotSpot(TM) 64-Bit Server VM (16.0.1+9-24, mixed mode, sharing, tiered, compressed oops, compressed class ptrs, g1 gc, windows-amd64)
GC Precious Log:
 CPUs: 16 total, 16 available
 Memory: 16333M
 Large Page Support: Disabled
 NUMA Support: Disabled
 Compressed Oops: Enabled (Zero based)
 Heap Region Size: 2M
 Heap Min Capacity: 8M
 Heap Initial Capacity: 256M
 Heap Max Capacity: 4084M
 Pre-touch: Disabled
 Parallel Workers: 13
 Concurrent Workers: 3
 Concurrent Refinement Workers: 13
 Periodic GC: Disabled
Heap:
 garbage-first heap   total 86016K, used 51678K [0x0000000700c00000, 0x0000000800000000)
  region size 2048K, 11 young (22528K), 2 survivors (4096K)
 Metaspace       used 44171K, committed 44544K, reserved 1089536K
  class space    used 4984K, committed 5184K, reserved 1048576K
GC Heap History (20 events):
Event: 6.489 GC heap before
{Heap before GC invocations=6 (full 0):
 garbage-first heap   total 55296K, used 38251K [0x0000000700c00000, 0x0000000800000000)
  region size 2048K, 10 young (20480K), 2 survivors (4096K)
 Metaspace       used 33660K, committed 33984K, reserved 1081344K
  class space    used 3815K, committed 3968K, reserved 1048576K
}
Event: 6.495 GC heap after
{Heap after GC invocations=7 (full 0):
 garbage-first heap   total 55296K, used 24190K [0x0000000700c00000, 0x0000000800000000)
  region size 2048K, 2 young (4096K), 2 survivors (4096K)
 Metaspace       used 33660K, committed 33984K, reserved 1081344K
  class space    used 3815K, committed 3968K, reserved 1048576K
}
Event: 6.568 GC heap before
{Heap before GC invocations=7 (full 0):
 garbage-first heap   total 55296K, used 26238K [0x0000000700c00000, 0x0000000800000000)
  region size 2048K, 4 young (8192K), 2 survivors (4096K)
 Metaspace       used 34455K, committed 34752K, reserved 1081344K
  class space    used 3931K, committed 4096K, reserved 1048576K
}
Event: 6.572 GC heap after
{Heap after GC invocations=8 (full 0):
 garbage-first heap   total 55296K, used 24610K [0x0000000700c00000, 0x0000000800000000)
  region size 2048K, 1 young (2048K), 1 survivors (2048K)
 Metaspace       used 34455K, committed 34752K, reserved 1081344K
  class space    used 3931K, committed 4096K, reserved 1048576K
}
Event: 19.223 GC heap before
{Heap before GC invocations=9 (full 0):
 garbage-first heap   total 59392K, used 38946K [0x0000000700c00000, 0x0000000800000000)
  region size 2048K, 7 young (14336K), 1 survivors (2048K)
 Metaspace       used 35868K, committed 36160K, reserved 1081344K
  class space    used 4100K, committed 4224K, reserved 1048576K
}
Event: 19.226 GC heap after
{Heap after GC invocations=10 (full 0):
 garbage-first heap   total 59392K, used 31246K [0x0000000700c00000, 0x0000000800000000)
  region size 2048K, 1 young (2048K), 1 survivors (2048K)
 Metaspace       used 35868K, committed 36160K, reserved 1081344K
  class space    used 4100K, committed 4224K, reserved 1048576K
}
Event: 19.324 GC heap before
{Heap before GC invocations=10 (full 0):
 garbage-first heap   total 59392K, used 41486K [0x0000000700c00000, 0x0000000800000000)
  region size 2048K, 7 young (14336K), 1 survivors (2048K)
 Metaspace       used 36576K, committed 36864K, reserved 1081344K
  class space    used 4206K, committed 4352K, reserved 1048576K
}
Event: 19.326 GC heap after
{Heap after GC invocations=11 (full 0):
 garbage-first heap   total 59392K, used 31685K [0x0000000700c00000, 0x0000000800000000)
  region size 2048K, 1 young (2048K), 1 survivors (2048K)
 Metaspace       used 36576K, committed 36864K, reserved 1081344K
  class space    used 4206K, committed 4352K, reserved 1048576K
}
Event: 19.427 GC heap before
{Heap before GC invocations=12 (full 0):
 garbage-first heap   total 61440K, used 43973K [0x0000000700c00000, 0x0000000800000000)
  region size 2048K, 7 young (14336K), 1 survivors (2048K)
 Metaspace       used 37706K, committed 38016K, reserved 1089536K
  class space    used 4390K, committed 4544K, reserved 1048576K
}
Event: 19.429 GC heap after
{Heap after GC invocations=13 (full 0):
 garbage-first heap   total 61440K, used 32642K [0x0000000700c00000, 0x0000000800000000)
  region size 2048K, 1 young (2048K), 1 survivors (2048K)
 Metaspace       used 37706K, committed 38016K, reserved 1089536K
  class space    used 4390K, committed 4544K, reserved 1048576K
}
Event: 19.439 GC heap before
{Heap before GC invocations=13 (full 0):
 garbage-first heap   total 61440K, used 44930K [0x0000000700c00000, 0x0000000800000000)
  region size 2048K, 7 young (14336K), 1 survivors (2048K)
 Metaspace       used 37716K, committed 38016K, reserved 1089536K
  class space    used 4390K, committed 4544K, reserved 1048576K
}
Event: 19.440 GC heap after
{Heap after GC invocations=14 (full 0):
 garbage-first heap   total 61440K, used 32612K [0x0000000700c00000, 0x0000000800000000)
  region size 2048K, 1 young (2048K), 1 survivors (2048K)
 Metaspace       used 37716K, committed 38016K, reserved 1089536K
  class space    used 4390K, committed 4544K, reserved 1048576K
}
Event: 19.631 GC heap before
{Heap before GC invocations=15 (full 0):
 garbage-first heap   total 71680K, used 44900K [0x0000000700c00000, 0x0000000800000000)
  region size 2048K, 7 young (14336K), 1 survivors (2048K)
 Metaspace       used 38911K, committed 39232K, reserved 1089536K
  class space    used 4508K, committed 4672K, reserved 1048576K
}
Event: 19.633 GC heap after
{Heap after GC invocations=16 (full 0):
 garbage-first heap   total 71680K, used 33402K [0x0000000700c00000, 0x0000000800000000)
  region size 2048K, 1 young (2048K), 1 survivors (2048K)
 Metaspace       used 38911K, committed 39232K, reserved 1089536K
  class space    used 4508K, committed 4672K, reserved 1048576K
}
Event: 19.691 GC heap before
{Heap before GC invocations=16 (full 0):
 garbage-first heap   total 71680K, used 51834K [0x0000000700c00000, 0x0000000800000000)
  region size 2048K, 11 young (22528K), 1 survivors (2048K)
 Metaspace       used 38919K, committed 39232K, reserved 1089536K
  class space    used 4508K, committed 4672K, reserved 1048576K
}
Event: 19.694 GC heap after
{Heap after GC invocations=17 (full 0):
 garbage-first heap   total 86016K, used 34814K [0x0000000700c00000, 0x0000000800000000)
  region size 2048K, 2 young (4096K), 2 survivors (4096K)
 Metaspace       used 38919K, committed 39232K, reserved 1089536K
  class space    used 4508K, committed 4672K, reserved 1048576K
}
Event: 19.778 GC heap before
{Heap before GC invocations=18 (full 0):
 garbage-first heap   total 86016K, used 63486K [0x0000000700c00000, 0x0000000800000000)
  region size 2048K, 16 young (32768K), 2 survivors (4096K)
 Metaspace       used 38923K, committed 39232K, reserved 1089536K
  class space    used 4508K, committed 4672K, reserved 1048576K
}
Event: 19.780 GC heap after
{Heap after GC invocations=19 (full 0):
 garbage-first heap   total 86016K, used 35008K [0x0000000700c00000, 0x0000000800000000)
  region size 2048K, 2 young (4096K), 2 survivors (4096K)
 Metaspace       used 38923K, committed 39232K, reserved 1089536K
  class space    used 4508K, committed 4672K, reserved 1048576K
}
Event: 20.024 GC heap before
{Heap before GC invocations=19 (full 0):
 garbage-first heap   total 86016K, used 61632K [0x0000000700c00000, 0x0000000800000000)
  region size 2048K, 16 young (32768K), 2 survivors (4096K)
 Metaspace       used 40492K, committed 40896K, reserved 1089536K
  class space    used 4656K, committed 4864K, reserved 1048576K
}
Event: 20.025 GC heap after
{Heap after GC invocations=20 (full 0):
 garbage-first heap   total 86016K, used 35294K [0x0000000700c00000, 0x0000000800000000)
  region size 2048K, 2 young (4096K), 2 survivors (4096K)
 Metaspace       used 40492K, committed 40896K, reserved 1089536K
  class space    used 4656K, committed 4864K, reserved 1048576K
}

